[debug] [2025-07-30T21:01:32.894Z] ----------------------------------------------------------------------
[debug] [2025-07-30T21:01:32.899Z] Command:       /Users/danielaesparza/.nvm/versions/node/v20.19.4/bin/node /Users/danielaesparza/.nvm/versions/node/v18.18.0/bin/firebase init hosting
[debug] [2025-07-30T21:01:32.899Z] CLI Version:   14.11.1
[debug] [2025-07-30T21:01:32.899Z] Platform:      darwin
[debug] [2025-07-30T21:01:32.899Z] Node Version:  v20.19.4
[debug] [2025-07-30T21:01:32.900Z] Time:          Wed Jul 30 2025 16:01:32 GMT-0500 (Eastern Standard Time)
[debug] [2025-07-30T21:01:32.900Z] ----------------------------------------------------------------------
[debug] 
[debug] [2025-07-30T21:01:33.064Z] > command requires scopes: ["email","openid","https://www.googleapis.com/auth/cloudplatformprojects.readonly","https://www.googleapis.com/auth/firebase","https://www.googleapis.com/auth/cloud-platform"]
[debug] [2025-07-30T21:01:33.065Z] > authorizing via signed-in user (nanoluna111@gmail.com)
[info] 
     ######## #### ########  ######## ########     ###     ######  ########
     ##        ##  ##     ## ##       ##     ##  ##   ##  ##       ##
     ######    ##  ########  ######   ########  #########  ######  ######
     ##        ##  ##    ##  ##       ##     ## ##     ##       ## ##
     ##       #### ##     ## ######## ########  ##     ##  ######  ########

You're about to initialize a Firebase project in this directory:

  /Users/danielaesparza/actual-backend-app

Before we get started, keep in mind:

  * You are initializing within an existing Firebase project directory

[info] 
=== Project Setup
[info] 
[info] First, let's associate this project directory with a Firebase project.
[info] You can create multiple project aliases by running firebase use --add, 
[info] but for now we'll just set up a default project.
[info] 
[debug] [2025-07-30T21:01:33.069Z] Using project from CLI flag: actual-backend-build
[debug] [2025-07-30T21:01:33.069Z] Checked if tokens are valid: true, expires at: 1753912198550
[debug] [2025-07-30T21:01:33.070Z] Checked if tokens are valid: true, expires at: 1753912198550
[debug] [2025-07-30T21:01:33.070Z] >>> [apiv2][query] GET https://firebase.googleapis.com/v1beta1/projects/actual-backend-build [none]
[debug] [2025-07-30T21:01:34.002Z] <<< [apiv2][status] GET https://firebase.googleapis.com/v1beta1/projects/actual-backend-build 200
[debug] [2025-07-30T21:01:34.005Z] <<< [apiv2][body] GET https://firebase.googleapis.com/v1beta1/projects/actual-backend-build {"projectId":"actual-backend-build","projectNumber":"2683899787","displayName":"Actual Backend Build ","name":"projects/actual-backend-build","resources":{"hostingSite":"actual-backend-build"},"state":"ACTIVE","etag":"1_c1215d95-24f1-434f-952e-2a31ae415d9b"}
[info] i  Using project actual-backend-build (Actual Backend Build ) 
[info] 
=== Hosting Setup
[debug] [2025-07-30T21:01:34.015Z] Checked if tokens are valid: true, expires at: 1753912198550
[debug] [2025-07-30T21:01:34.015Z] Checked if tokens are valid: true, expires at: 1753912198550
[debug] [2025-07-30T21:01:34.015Z] >>> [apiv2][query] GET https://firebase.googleapis.com/v1beta1/projects/actual-backend-build [none]
[debug] [2025-07-30T21:01:34.369Z] <<< [apiv2][status] GET https://firebase.googleapis.com/v1beta1/projects/actual-backend-build 200
[debug] [2025-07-30T21:01:34.370Z] <<< [apiv2][body] GET https://firebase.googleapis.com/v1beta1/projects/actual-backend-build {"projectId":"actual-backend-build","projectNumber":"2683899787","displayName":"Actual Backend Build ","name":"projects/actual-backend-build","resources":{"hostingSite":"actual-backend-build"},"state":"ACTIVE","etag":"1_c1215d95-24f1-434f-952e-2a31ae415d9b"}
[info] 
[info] Your public directory is the folder (relative to your project directory) that
[info] will contain Hosting assets to be uploaded with firebase deploy. If you
[info] have a build process for your assets, use your build's output directory.
[info] 
[debug] [2025-07-30T21:09:21.259Z] ExitPromptError: User force closed the prompt with SIGINT
    at Interface.sigint (/Users/danielaesparza/.nvm/versions/node/v18.18.0/lib/node_modules/firebase-tools/node_modules/@inquirer/core/dist/commonjs/lib/create-prompt.js:101:37)
    at Interface.emit (node:events:524:28)
    at Interface.emit (node:domain:489:12)
    at [_ttyWrite] [as _ttyWrite] (node:internal/readline/interface:1125:18)
    at ReadStream.onkeypress (node:internal/readline/interface:264:20)
    at ReadStream.emit (node:events:536:35)
    at ReadStream.emit (node:domain:489:12)
    at emitKeys (node:internal/readline/utils:371:14)
    at emitKeys.next (<anonymous>)
    at ReadStream.onData (node:internal/readline/emitKeypressEvents:64:36)
[error] 
[error] Error: An unexpected error has occurred.
